<?xml version="1.0" encoding="UTF-8"?>
<testsuite xmlns:xsi="http://www.w3.org/2001/XMLSchema-instance" xsi:noNamespaceSchemaLocation="https://maven.apache.org/surefire/maven-surefire-plugin/xsd/surefire-test-report.xsd" name="com.kellton.test.HelloMavenTest" time="4.269" tests="2" errors="2" skipped="0" failures="0">
  <properties>
    <property name="sun.desktop" value="windows"/>
    <property name="awt.toolkit" value="sun.awt.windows.WToolkit"/>
    <property name="file.encoding.pkg" value="sun.io"/>
    <property name="java.specification.version" value="1.8"/>
    <property name="sun.cpu.isalist" value="amd64"/>
    <property name="sun.jnu.encoding" value="Cp1252"/>
    <property name="java.class.path" value="D:\Kellton\Mule POC&apos;s\Mule POC&apos;s\mulemavenizedproject\target\test-classes;D:\Kellton\Mule POC&apos;s\Mule POC&apos;s\mulemavenizedproject\target\classes;C:\Users\sadik.ali\.m2\repository\com\mulesoft\muleesb\mule-core-ee\3.8.5\mule-core-ee-3.8.5.jar;C:\Users\sadik.ali\.m2\repository\org\mule\mule-core\3.8.5\mule-core-3.8.5.jar;C:\Users\sadik.ali\.m2\repository\org\mule\extensions\mule-extensions-api\1.0.0-alpha-1\mule-extensions-api-1.0.0-alpha-1.jar;C:\Users\sadik.ali\.m2\repository\commons-beanutils\commons-beanutils\1.9.3\commons-beanutils-1.9.3.jar;C:\Users\sadik.ali\.m2\repository\com\github\stephenc\eaio-uuid\uuid\3.4.0\uuid-3.4.0.jar;C:\Users\sadik.ali\.m2\repository\com\github\stephenc\eaio-grabbag\grabbag\1.8.1\grabbag-1.8.1.jar;C:\Users\sadik.ali\.m2\repository\commons-cli\commons-cli\1.2\commons-cli-1.2.jar;C:\Users\sadik.ali\.m2\repository\commons-collections\commons-collections\3.2.2\commons-collections-3.2.2.jar;C:\Users\sadik.ali\.m2\repository\commons-io\commons-io\2.4\commons-io-2.4.jar;C:\Users\sadik.ali\.m2\repository\commons-lang\commons-lang\2.4\commons-lang-2.4.jar;C:\Users\sadik.ali\.m2\repository\commons-pool\commons-pool\1.6\commons-pool-1.6.jar;C:\Users\sadik.ali\.m2\repository\org\apache\geronimo\specs\geronimo-jta_1.1_spec\1.1.1\geronimo-jta_1.1_spec-1.1.1.jar;C:\Users\sadik.ali\.m2\repository\org\apache\geronimo\specs\geronimo-j2ee-connector_1.5_spec\2.0.0\geronimo-j2ee-connector_1.5_spec-2.0.0.jar;C:\Users\sadik.ali\.m2\repository\javax\inject\javax.inject\1\javax.inject-1.jar;C:\Users\sadik.ali\.m2\repository\com\lmax\disruptor\3.3.0\disruptor-3.3.0.jar;C:\Users\sadik.ali\.m2\repository\org\slf4j\slf4j-api\1.7.24\slf4j-api-1.7.24.jar;C:\Users\sadik.ali\.m2\repository\org\apache\logging\log4j\log4j-api\2.8.2\log4j-api-2.8.2.jar;C:\Users\sadik.ali\.m2\repository\org\apache\logging\log4j\log4j-core\2.8.2\log4j-core-2.8.2.jar;C:\Users\sadik.ali\.m2\repository\org\apache\logging\log4j\log4j-slf4j-impl\2.8.2\log4j-slf4j-impl-2.8.2.jar;C:\Users\sadik.ali\.m2\repository\org\apache\logging\log4j\log4j-1.2-api\2.8.2\log4j-1.2-api-2.8.2.jar;C:\Users\sadik.ali\.m2\repository\org\apache\logging\log4j\log4j-jcl\2.8.2\log4j-jcl-2.8.2.jar;C:\Users\sadik.ali\.m2\repository\commons-logging\commons-logging\1.2\commons-logging-1.2.jar;C:\Users\sadik.ali\.m2\repository\org\slf4j\jcl-over-slf4j\1.7.24\jcl-over-slf4j-1.7.24.jar;C:\Users\sadik.ali\.m2\repository\org\apache\logging\log4j\log4j-jul\2.8.2\log4j-jul-2.8.2.jar;C:\Users\sadik.ali\.m2\repository\asm\asm\3.1\asm-3.1.jar;C:\Users\sadik.ali\.m2\repository\asm\asm-commons\3.1\asm-commons-3.1.jar;C:\Users\sadik.ali\.m2\repository\asm\asm-tree\3.1\asm-tree-3.1.jar;C:\Users\sadik.ali\.m2\repository\org\mule\mvel\mule-mvel2\2.1.9-MULE-012\mule-mvel2-2.1.9-MULE-012.jar;C:\Users\sadik.ali\.m2\repository\org\jgrapht\jgrapht-jdk1.5\0.7.3\jgrapht-jdk1.5-0.7.3.jar;C:\Users\sadik.ali\.m2\repository\org\mule\common\mule-common\3.8.5\mule-common-3.8.5.jar;C:\Users\sadik.ali\.m2\repository\org\mulesoft\xmlbeans\xmlbeans\2.3.2\xmlbeans-2.3.2.jar;C:\Users\sadik.ali\.m2\repository\javax\xml\stream\stax-api\1.0-2\stax-api-1.0-2.jar;C:\Users\sadik.ali\.m2\repository\org\json\json\20140107\json-20140107.jar;C:\Users\sadik.ali\.m2\repository\com\fasterxml\jackson\core\jackson-core\2.6.6\jackson-core-2.6.6.jar;C:\Users\sadik.ali\.m2\repository\com\fasterxml\jackson\core\jackson-databind\2.6.6\jackson-databind-2.6.6.jar;C:\Users\sadik.ali\.m2\repository\com\fasterxml\jackson\core\jackson-annotations\2.6.0\jackson-annotations-2.6.0.jar;C:\Users\sadik.ali\.m2\repository\org\antlr\antlr-runtime\3.5\antlr-runtime-3.5.jar;C:\Users\sadik.ali\.m2\repository\org\antlr\stringtemplate\3.2.1\stringtemplate-3.2.1.jar;C:\Users\sadik.ali\.m2\repository\com\mulesoft\licm\licm\1.1.5\licm-1.1.5.jar;C:\Users\sadik.ali\.m2\repository\de\schlichtherle\truelicense\1.29\truelicense-1.29.jar;C:\Users\sadik.ali\.m2\repository\de\schlichtherle\truexml\1.29\truexml-1.29.jar;C:\Users\sadik.ali\.m2\repository\opensymphony\propertyset\1.3\propertyset-1.3.jar;C:\Users\sadik.ali\.m2\repository\opensymphony\oscore\2.2.4\oscore-2.2.4.jar;C:\Users\sadik.ali\.m2\repository\org\aspectj\aspectjrt\1.8.5\aspectjrt-1.8.5.jar;C:\Users\sadik.ali\.m2\repository\com\mulesoft\muleesb\modules\mule-module-spring-config-ee\3.8.5\mule-module-spring-config-ee-3.8.5.jar;C:\Users\sadik.ali\.m2\repository\com\mulesoft\muleesb\modules\mule-module-multi-tx-ee\3.8.5\mule-module-multi-tx-ee-3.8.5.jar;C:\Users\sadik.ali\.m2\repository\com\mulesoft\muleesb\modules\mule-module-xa-tx-ee\3.8.5\mule-module-xa-tx-ee-3.8.5.jar;C:\Users\sadik.ali\.m2\repository\com\mulesoft\muleesb\modules\mule-module-cache-ee\3.8.5\mule-module-cache-ee-3.8.5.jar;C:\Users\sadik.ali\.m2\repository\org\springframework\spring-context\4.1.9.RELEASE\spring-context-4.1.9.RELEASE.jar;C:\Users\sadik.ali\.m2\repository\org\springframework\spring-core\4.1.9.RELEASE\spring-core-4.1.9.RELEASE.jar;C:\Users\sadik.ali\.m2\repository\org\springframework\spring-expression\4.1.9.RELEASE\spring-expression-4.1.9.RELEASE.jar;C:\Users\sadik.ali\.m2\repository\org\mule\transports\mule-transport-file\3.8.5\mule-transport-file-3.8.5.jar;C:\Users\sadik.ali\.m2\repository\org\mule\transports\mule-transport-http\3.8.5\mule-transport-http-3.8.5.jar;C:\Users\sadik.ali\.m2\repository\org\mule\transports\mule-transport-ssl\3.8.5\mule-transport-ssl-3.8.5.jar;C:\Users\sadik.ali\.m2\repository\commons-codec\commons-codec\1.9\commons-codec-1.9.jar;C:\Users\sadik.ali\.m2\repository\commons-httpclient\commons-httpclient\3.1\commons-httpclient-3.1.jar;C:\Users\sadik.ali\.m2\repository\org\apache\tomcat\coyote\6.0.53\coyote-6.0.53.jar;C:\Users\sadik.ali\.m2\repository\org\apache\tomcat\juli\6.0.53\juli-6.0.53.jar;C:\Users\sadik.ali\.m2\repository\org\samba\jcifs\jcifs\1.3.3\jcifs-1.3.3.jar;C:\Users\sadik.ali\.m2\repository\joda-time\joda-time\2.9.1\joda-time-2.9.1.jar;C:\Users\sadik.ali\.m2\repository\com\mulesoft\muleesb\transports\mule-transport-jdbc-ee\3.8.5\mule-transport-jdbc-ee-3.8.5.jar;C:\Users\sadik.ali\.m2\repository\org\mule\transports\mule-transport-jdbc\3.8.5\mule-transport-jdbc-3.8.5.jar;C:\Users\sadik.ali\.m2\repository\com\experlog\xapool\1.5.0\xapool-1.5.0.jar;C:\Users\sadik.ali\.m2\repository\net\sf\flatpack\flatpack\3.1.1\flatpack-3.1.1.jar;C:\Users\sadik.ali\.m2\repository\org\jdom\jdom\2.0.2\jdom-2.0.2.jar;C:\Users\sadik.ali\.m2\repository\dom4j\dom4j\1.6.1\dom4j-1.6.1.jar;C:\Users\sadik.ali\.m2\repository\com\mulesoft\muleesb\transports\mule-transport-jms-ee\3.8.5\mule-transport-jms-ee-3.8.5.jar;C:\Users\sadik.ali\.m2\repository\org\mule\transports\mule-transport-vm\3.8.5\mule-transport-vm-3.8.5.jar;C:\Users\sadik.ali\.m2\repository\org\mule\modules\mule-module-scripting\3.8.5\mule-module-scripting-3.8.5.jar;C:\Users\sadik.ali\.m2\repository\org\springframework\spring-aop\4.1.9.RELEASE\spring-aop-4.1.9.RELEASE.jar;C:\Users\sadik.ali\.m2\repository\aopalliance\aopalliance\1.0\aopalliance-1.0.jar;C:\Users\sadik.ali\.m2\repository\org\mule\modules\mule-module-builders\3.8.5\mule-module-builders-3.8.5.jar;C:\Users\sadik.ali\.m2\repository\org\springframework\spring-web\4.1.9.RELEASE\spring-web-4.1.9.RELEASE.jar;C:\Users\sadik.ali\.m2\repository\org\codehaus\groovy\groovy-all\2.4.4\groovy-all-2.4.4-indy.jar;C:\Users\sadik.ali\.m2\repository\org\python\jython-standalone\2.7.0\jython-standalone-2.7.0.jar;C:\Users\sadik.ali\.m2\repository\javax\script\js-engine\1.1\js-engine-1.1-jdk14.jar;C:\Users\sadik.ali\.m2\repository\org\mozilla\rhino\1.7R4\rhino-1.7R4.jar;C:\Users\sadik.ali\.m2\repository\org\mule\modules\mule-module-scripting-jruby\3.8.5\mule-module-scripting-jruby-3.8.5.jar;C:\Users\sadik.ali\.m2\repository\org\jruby\jruby-stdlib\1.7.27\jruby-stdlib-1.7.27.jar;C:\Users\sadik.ali\.m2\repository\org\jruby\joni\joni\2.1.9\joni-2.1.9.jar;C:\Users\sadik.ali\.m2\repository\com\github\jnr\jnr-netdb\1.1.2\jnr-netdb-1.1.2.jar;C:\Users\sadik.ali\.m2\repository\com\github\jnr\jnr-enxio\0.9\jnr-enxio-0.9.jar;C:\Users\sadik.ali\.m2\repository\com\github\jnr\jnr-x86asm\1.0.2\jnr-x86asm-1.0.2.jar;C:\Users\sadik.ali\.m2\repository\com\github\jnr\jnr-unixsocket\0.8\jnr-unixsocket-0.8.jar;C:\Users\sadik.ali\.m2\repository\com\github\jnr\jnr-posix\3.0.27\jnr-posix-3.0.27.jar;C:\Users\sadik.ali\.m2\repository\org\jruby\extras\bytelist\1.0.11\bytelist-1.0.11.jar;C:\Users\sadik.ali\.m2\repository\com\github\jnr\jnr-constants\0.9.0\jnr-constants-0.9.0.jar;C:\Users\sadik.ali\.m2\repository\org\jruby\jcodings\jcodings\1.0.16\jcodings-1.0.16.jar;C:\Users\sadik.ali\.m2\repository\com\github\jnr\jffi\1.2.10\jffi-1.2.10.jar;C:\Users\sadik.ali\.m2\repository\com\github\jnr\jffi\1.2.10\jffi-1.2.10-native.jar;C:\Users\sadik.ali\.m2\repository\org\yaml\snakeyaml\1.15\snakeyaml-1.15.jar;C:\Users\sadik.ali\.m2\repository\com\jcraft\jzlib\1.1.3\jzlib-1.1.3.jar;C:\Users\sadik.ali\.m2\repository\com\headius\invokebinder\1.2\invokebinder-1.2.jar;C:\Users\sadik.ali\.m2\repository\com\headius\options\1.3\options-1.3.jar;C:\Users\sadik.ali\.m2\repository\com\martiansoftware\nailgun-server\0.9.1\nailgun-server-0.9.1.jar;C:\Users\sadik.ali\.m2\repository\org\jruby\yecht\1.1\yecht-1.1-jruby.jar;C:\Users\sadik.ali\.m2\repository\org\mule\modules\mule-module-xml\3.8.5\mule-module-xml-3.8.5.jar;C:\Users\sadik.ali\.m2\repository\commons-jxpath\commons-jxpath\1.3\commons-jxpath-1.3.jar;C:\Users\sadik.ali\.m2\repository\com\thoughtworks\xstream\xstream\1.4.10\xstream-1.4.10.jar;C:\Users\sadik.ali\.m2\repository\xmlpull\xmlpull\1.1.3.1\xmlpull-1.1.3.1.jar;C:\Users\sadik.ali\.m2\repository\xpp3\xpp3_min\1.1.3.4.O\xpp3_min-1.1.3.4.O.jar;C:\Users\sadik.ali\.m2\repository\org\codehaus\woodstox\woodstox-core-asl\4.4.1\woodstox-core-asl-4.4.1.jar;C:\Users\sadik.ali\.m2\repository\org\codehaus\woodstox\stax2-api\3.1.4\stax2-api-3.1.4.jar;C:\Users\sadik.ali\.m2\repository\jaxen\jaxen\1.1.1\jaxen-1.1.1.jar;C:\Users\sadik.ali\.m2\repository\jdom\jdom\1.0\jdom-1.0.jar;C:\Users\sadik.ali\.m2\repository\net\java\dev\stax-utils\stax-utils\20080702\stax-utils-20080702.jar;C:\Users\sadik.ali\.m2\repository\net\sf\saxon\Saxon-HE\9.6.0-7\Saxon-HE-9.6.0-7.jar;C:\Users\sadik.ali\.m2\repository\net\sf\saxon\Saxon-HE\9.6.0-7\Saxon-HE-9.6.0-7-xqj.jar;C:\Users\sadik.ali\.m2\repository\javax\xml\xquery\xqj-api\1.0\xqj-api-1.0.jar;C:\Users\sadik.ali\.m2\repository\org\mule\tests\mule-tests-functional\3.8.5\mule-tests-functional-3.8.5.jar;C:\Users\sadik.ali\.m2\repository\org\mule\modules\mule-module-extensions-support\3.8.5\mule-module-extensions-support-3.8.5.jar;C:\Users\sadik.ali\.m2\repository\org\mule\extensions\mule-extensions-annotations\1.0.0-alpha-1\mule-extensions-annotations-1.0.0-alpha-1.jar;C:\Users\sadik.ali\.m2\repository\org\springframework\spring-beans\4.1.9.RELEASE\spring-beans-4.1.9.RELEASE.jar;C:\Users\sadik.ali\.m2\repository\junit\junit\4.12\junit-4.12.jar;C:\Users\sadik.ali\.m2\repository\org\hamcrest\hamcrest-library\1.3\hamcrest-library-1.3.jar;C:\Users\sadik.ali\.m2\repository\org\hamcrest\hamcrest-core\1.3\hamcrest-core-1.3.jar;C:\Users\sadik.ali\.m2\repository\commons-net\commons-net\3.5\commons-net-3.5.jar;C:\Users\sadik.ali\.m2\repository\org\apache\ftpserver\ftpserver-core\1.0.6\ftpserver-core-1.0.6.jar;C:\Users\sadik.ali\.m2\repository\org\apache\mina\mina-core\2.0.4\mina-core-2.0.4.jar;C:\Users\sadik.ali\.m2\repository\org\apache\ftpserver\ftplet-api\1.0.6\ftplet-api-1.0.6.jar;C:\Users\sadik.ali\.m2\repository\org\apache\sshd\sshd-core\1.0.0\sshd-core-1.0.0.jar;C:\Users\sadik.ali\.m2\repository\org\bouncycastle\bcprov-jdk15on\1.56\bcprov-jdk15on-1.56.jar;C:\Users\sadik.ali\.m2\repository\commons-dbutils\commons-dbutils\1.2\commons-dbutils-1.2.jar;C:\Users\sadik.ali\.m2\repository\org\reflections\reflections\0.9.9\reflections-0.9.9.jar;C:\Users\sadik.ali\.m2\repository\org\mule\mule-core\3.8.5\mule-core-3.8.5-tests.jar;C:\Users\sadik.ali\.m2\repository\org\mockito\mockito-core\1.10.19\mockito-core-1.10.19.jar;C:\Users\sadik.ali\.m2\repository\org\objenesis\objenesis\2.1\objenesis-2.1.jar;C:\Users\sadik.ali\.m2\repository\org\mule\modules\mule-module-http\3.8.5\mule-module-http-3.8.5.jar;C:\Users\sadik.ali\.m2\repository\org\mule\transports\mule-transport-tcp\3.8.5\mule-transport-tcp-3.8.5.jar;C:\Users\sadik.ali\.m2\repository\org\apache\geronimo\specs\geronimo-servlet_3.0_spec\1.0\geronimo-servlet_3.0_spec-1.0.jar;C:\Users\sadik.ali\.m2\repository\org\glassfish\grizzly\grizzly-framework\2.3.29\grizzly-framework-2.3.29.jar;C:\Users\sadik.ali\.m2\repository\org\glassfish\grizzly\grizzly-http-server\2.3.29\grizzly-http-server-2.3.29.jar;C:\Users\sadik.ali\.m2\repository\org\glassfish\grizzly\grizzly-http\2.3.29\grizzly-http-2.3.29.jar;C:\Users\sadik.ali\.m2\repository\org\glassfish\grizzly\connection-pool\2.3.29\connection-pool-2.3.29.jar;C:\Users\sadik.ali\.m2\repository\javax\mail\mail\1.4.3\mail-1.4.3.jar;C:\Users\sadik.ali\.m2\repository\com\ning\async-http-client\1.9.39\async-http-client-1.9.39.jar;C:\Users\sadik.ali\.m2\repository\org\glassfish\grizzly\grizzly-websockets\2.3.29\grizzly-websockets-2.3.29.jar;C:\Users\sadik.ali\.m2\repository\com\google\guava\guava\18.0\guava-18.0.jar;C:\Users\sadik.ali\.m2\repository\org\mule\modules\mule-module-spring-config\3.8.5\mule-module-spring-config-3.8.5.jar;C:\Users\sadik.ali\.m2\repository\org\mule\modules\mule-module-annotations\3.8.5\mule-module-annotations-3.8.5.jar;C:\Users\sadik.ali\.m2\repository\cglib\cglib-nodep\2.2\cglib-nodep-2.2.jar;C:\Users\sadik.ali\.m2\repository\org\mule\transports\mule-transport-jms\3.8.5\mule-transport-jms-3.8.5.jar;C:\Users\sadik.ali\.m2\repository\org\apache\geronimo\specs\geronimo-jms_1.1_spec\1.1.1\geronimo-jms_1.1_spec-1.1.1.jar;C:\Users\sadik.ali\.m2\repository\org\springframework\spring-jms\4.1.9.RELEASE\spring-jms-4.1.9.RELEASE.jar;C:\Users\sadik.ali\.m2\repository\org\springframework\spring-messaging\4.1.9.RELEASE\spring-messaging-4.1.9.RELEASE.jar;C:\Users\sadik.ali\.m2\repository\org\springframework\spring-tx\4.1.9.RELEASE\spring-tx-4.1.9.RELEASE.jar;"/>
    <property name="java.vm.vendor" value="Oracle Corporation"/>
    <property name="sun.arch.data.model" value="64"/>
    <property name="user.variant" value=""/>
    <property name="java.vendor.url" value="http://java.oracle.com/"/>
    <property name="user.timezone" value=""/>
    <property name="java.vm.specification.version" value="1.8"/>
    <property name="os.name" value="Windows 10"/>
    <property name="user.country" value="IN"/>
    <property name="sun.java.launcher" value="SUN_STANDARD"/>
    <property name="sun.boot.library.path" value="C:\Program Files\Java\jdk1.8.0_144\jre\bin"/>
    <property name="sun.java.command" value="C:\Users\sadik.ali\AppData\Local\Temp\surefire6000819492447786786\surefirebooter6316633861883095759.jar C:\Users\sadik.ali\AppData\Local\Temp\surefire6000819492447786786 2017-11-08T10-51-46_157-jvmRun1 surefire7611922130779021824tmp surefire_08276191871707261995tmp"/>
    <property name="surefire.test.class.path" value="D:\Kellton\Mule POC&apos;s\Mule POC&apos;s\mulemavenizedproject\target\test-classes;D:\Kellton\Mule POC&apos;s\Mule POC&apos;s\mulemavenizedproject\target\classes;C:\Users\sadik.ali\.m2\repository\com\mulesoft\muleesb\mule-core-ee\3.8.5\mule-core-ee-3.8.5.jar;C:\Users\sadik.ali\.m2\repository\org\mule\mule-core\3.8.5\mule-core-3.8.5.jar;C:\Users\sadik.ali\.m2\repository\org\mule\extensions\mule-extensions-api\1.0.0-alpha-1\mule-extensions-api-1.0.0-alpha-1.jar;C:\Users\sadik.ali\.m2\repository\commons-beanutils\commons-beanutils\1.9.3\commons-beanutils-1.9.3.jar;C:\Users\sadik.ali\.m2\repository\com\github\stephenc\eaio-uuid\uuid\3.4.0\uuid-3.4.0.jar;C:\Users\sadik.ali\.m2\repository\com\github\stephenc\eaio-grabbag\grabbag\1.8.1\grabbag-1.8.1.jar;C:\Users\sadik.ali\.m2\repository\commons-cli\commons-cli\1.2\commons-cli-1.2.jar;C:\Users\sadik.ali\.m2\repository\commons-collections\commons-collections\3.2.2\commons-collections-3.2.2.jar;C:\Users\sadik.ali\.m2\repository\commons-io\commons-io\2.4\commons-io-2.4.jar;C:\Users\sadik.ali\.m2\repository\commons-lang\commons-lang\2.4\commons-lang-2.4.jar;C:\Users\sadik.ali\.m2\repository\commons-pool\commons-pool\1.6\commons-pool-1.6.jar;C:\Users\sadik.ali\.m2\repository\org\apache\geronimo\specs\geronimo-jta_1.1_spec\1.1.1\geronimo-jta_1.1_spec-1.1.1.jar;C:\Users\sadik.ali\.m2\repository\org\apache\geronimo\specs\geronimo-j2ee-connector_1.5_spec\2.0.0\geronimo-j2ee-connector_1.5_spec-2.0.0.jar;C:\Users\sadik.ali\.m2\repository\javax\inject\javax.inject\1\javax.inject-1.jar;C:\Users\sadik.ali\.m2\repository\com\lmax\disruptor\3.3.0\disruptor-3.3.0.jar;C:\Users\sadik.ali\.m2\repository\org\slf4j\slf4j-api\1.7.24\slf4j-api-1.7.24.jar;C:\Users\sadik.ali\.m2\repository\org\apache\logging\log4j\log4j-api\2.8.2\log4j-api-2.8.2.jar;C:\Users\sadik.ali\.m2\repository\org\apache\logging\log4j\log4j-core\2.8.2\log4j-core-2.8.2.jar;C:\Users\sadik.ali\.m2\repository\org\apache\logging\log4j\log4j-slf4j-impl\2.8.2\log4j-slf4j-impl-2.8.2.jar;C:\Users\sadik.ali\.m2\repository\org\apache\logging\log4j\log4j-1.2-api\2.8.2\log4j-1.2-api-2.8.2.jar;C:\Users\sadik.ali\.m2\repository\org\apache\logging\log4j\log4j-jcl\2.8.2\log4j-jcl-2.8.2.jar;C:\Users\sadik.ali\.m2\repository\commons-logging\commons-logging\1.2\commons-logging-1.2.jar;C:\Users\sadik.ali\.m2\repository\org\slf4j\jcl-over-slf4j\1.7.24\jcl-over-slf4j-1.7.24.jar;C:\Users\sadik.ali\.m2\repository\org\apache\logging\log4j\log4j-jul\2.8.2\log4j-jul-2.8.2.jar;C:\Users\sadik.ali\.m2\repository\asm\asm\3.1\asm-3.1.jar;C:\Users\sadik.ali\.m2\repository\asm\asm-commons\3.1\asm-commons-3.1.jar;C:\Users\sadik.ali\.m2\repository\asm\asm-tree\3.1\asm-tree-3.1.jar;C:\Users\sadik.ali\.m2\repository\org\mule\mvel\mule-mvel2\2.1.9-MULE-012\mule-mvel2-2.1.9-MULE-012.jar;C:\Users\sadik.ali\.m2\repository\org\jgrapht\jgrapht-jdk1.5\0.7.3\jgrapht-jdk1.5-0.7.3.jar;C:\Users\sadik.ali\.m2\repository\org\mule\common\mule-common\3.8.5\mule-common-3.8.5.jar;C:\Users\sadik.ali\.m2\repository\org\mulesoft\xmlbeans\xmlbeans\2.3.2\xmlbeans-2.3.2.jar;C:\Users\sadik.ali\.m2\repository\javax\xml\stream\stax-api\1.0-2\stax-api-1.0-2.jar;C:\Users\sadik.ali\.m2\repository\org\json\json\20140107\json-20140107.jar;C:\Users\sadik.ali\.m2\repository\com\fasterxml\jackson\core\jackson-core\2.6.6\jackson-core-2.6.6.jar;C:\Users\sadik.ali\.m2\repository\com\fasterxml\jackson\core\jackson-databind\2.6.6\jackson-databind-2.6.6.jar;C:\Users\sadik.ali\.m2\repository\com\fasterxml\jackson\core\jackson-annotations\2.6.0\jackson-annotations-2.6.0.jar;C:\Users\sadik.ali\.m2\repository\org\antlr\antlr-runtime\3.5\antlr-runtime-3.5.jar;C:\Users\sadik.ali\.m2\repository\org\antlr\stringtemplate\3.2.1\stringtemplate-3.2.1.jar;C:\Users\sadik.ali\.m2\repository\com\mulesoft\licm\licm\1.1.5\licm-1.1.5.jar;C:\Users\sadik.ali\.m2\repository\de\schlichtherle\truelicense\1.29\truelicense-1.29.jar;C:\Users\sadik.ali\.m2\repository\de\schlichtherle\truexml\1.29\truexml-1.29.jar;C:\Users\sadik.ali\.m2\repository\opensymphony\propertyset\1.3\propertyset-1.3.jar;C:\Users\sadik.ali\.m2\repository\opensymphony\oscore\2.2.4\oscore-2.2.4.jar;C:\Users\sadik.ali\.m2\repository\org\aspectj\aspectjrt\1.8.5\aspectjrt-1.8.5.jar;C:\Users\sadik.ali\.m2\repository\com\mulesoft\muleesb\modules\mule-module-spring-config-ee\3.8.5\mule-module-spring-config-ee-3.8.5.jar;C:\Users\sadik.ali\.m2\repository\com\mulesoft\muleesb\modules\mule-module-multi-tx-ee\3.8.5\mule-module-multi-tx-ee-3.8.5.jar;C:\Users\sadik.ali\.m2\repository\com\mulesoft\muleesb\modules\mule-module-xa-tx-ee\3.8.5\mule-module-xa-tx-ee-3.8.5.jar;C:\Users\sadik.ali\.m2\repository\com\mulesoft\muleesb\modules\mule-module-cache-ee\3.8.5\mule-module-cache-ee-3.8.5.jar;C:\Users\sadik.ali\.m2\repository\org\springframework\spring-context\4.1.9.RELEASE\spring-context-4.1.9.RELEASE.jar;C:\Users\sadik.ali\.m2\repository\org\springframework\spring-core\4.1.9.RELEASE\spring-core-4.1.9.RELEASE.jar;C:\Users\sadik.ali\.m2\repository\org\springframework\spring-expression\4.1.9.RELEASE\spring-expression-4.1.9.RELEASE.jar;C:\Users\sadik.ali\.m2\repository\org\mule\transports\mule-transport-file\3.8.5\mule-transport-file-3.8.5.jar;C:\Users\sadik.ali\.m2\repository\org\mule\transports\mule-transport-http\3.8.5\mule-transport-http-3.8.5.jar;C:\Users\sadik.ali\.m2\repository\org\mule\transports\mule-transport-ssl\3.8.5\mule-transport-ssl-3.8.5.jar;C:\Users\sadik.ali\.m2\repository\commons-codec\commons-codec\1.9\commons-codec-1.9.jar;C:\Users\sadik.ali\.m2\repository\commons-httpclient\commons-httpclient\3.1\commons-httpclient-3.1.jar;C:\Users\sadik.ali\.m2\repository\org\apache\tomcat\coyote\6.0.53\coyote-6.0.53.jar;C:\Users\sadik.ali\.m2\repository\org\apache\tomcat\juli\6.0.53\juli-6.0.53.jar;C:\Users\sadik.ali\.m2\repository\org\samba\jcifs\jcifs\1.3.3\jcifs-1.3.3.jar;C:\Users\sadik.ali\.m2\repository\joda-time\joda-time\2.9.1\joda-time-2.9.1.jar;C:\Users\sadik.ali\.m2\repository\com\mulesoft\muleesb\transports\mule-transport-jdbc-ee\3.8.5\mule-transport-jdbc-ee-3.8.5.jar;C:\Users\sadik.ali\.m2\repository\org\mule\transports\mule-transport-jdbc\3.8.5\mule-transport-jdbc-3.8.5.jar;C:\Users\sadik.ali\.m2\repository\com\experlog\xapool\1.5.0\xapool-1.5.0.jar;C:\Users\sadik.ali\.m2\repository\net\sf\flatpack\flatpack\3.1.1\flatpack-3.1.1.jar;C:\Users\sadik.ali\.m2\repository\org\jdom\jdom\2.0.2\jdom-2.0.2.jar;C:\Users\sadik.ali\.m2\repository\dom4j\dom4j\1.6.1\dom4j-1.6.1.jar;C:\Users\sadik.ali\.m2\repository\com\mulesoft\muleesb\transports\mule-transport-jms-ee\3.8.5\mule-transport-jms-ee-3.8.5.jar;C:\Users\sadik.ali\.m2\repository\org\mule\transports\mule-transport-vm\3.8.5\mule-transport-vm-3.8.5.jar;C:\Users\sadik.ali\.m2\repository\org\mule\modules\mule-module-scripting\3.8.5\mule-module-scripting-3.8.5.jar;C:\Users\sadik.ali\.m2\repository\org\springframework\spring-aop\4.1.9.RELEASE\spring-aop-4.1.9.RELEASE.jar;C:\Users\sadik.ali\.m2\repository\aopalliance\aopalliance\1.0\aopalliance-1.0.jar;C:\Users\sadik.ali\.m2\repository\org\mule\modules\mule-module-builders\3.8.5\mule-module-builders-3.8.5.jar;C:\Users\sadik.ali\.m2\repository\org\springframework\spring-web\4.1.9.RELEASE\spring-web-4.1.9.RELEASE.jar;C:\Users\sadik.ali\.m2\repository\org\codehaus\groovy\groovy-all\2.4.4\groovy-all-2.4.4-indy.jar;C:\Users\sadik.ali\.m2\repository\org\python\jython-standalone\2.7.0\jython-standalone-2.7.0.jar;C:\Users\sadik.ali\.m2\repository\javax\script\js-engine\1.1\js-engine-1.1-jdk14.jar;C:\Users\sadik.ali\.m2\repository\org\mozilla\rhino\1.7R4\rhino-1.7R4.jar;C:\Users\sadik.ali\.m2\repository\org\mule\modules\mule-module-scripting-jruby\3.8.5\mule-module-scripting-jruby-3.8.5.jar;C:\Users\sadik.ali\.m2\repository\org\jruby\jruby-stdlib\1.7.27\jruby-stdlib-1.7.27.jar;C:\Users\sadik.ali\.m2\repository\org\jruby\joni\joni\2.1.9\joni-2.1.9.jar;C:\Users\sadik.ali\.m2\repository\com\github\jnr\jnr-netdb\1.1.2\jnr-netdb-1.1.2.jar;C:\Users\sadik.ali\.m2\repository\com\github\jnr\jnr-enxio\0.9\jnr-enxio-0.9.jar;C:\Users\sadik.ali\.m2\repository\com\github\jnr\jnr-x86asm\1.0.2\jnr-x86asm-1.0.2.jar;C:\Users\sadik.ali\.m2\repository\com\github\jnr\jnr-unixsocket\0.8\jnr-unixsocket-0.8.jar;C:\Users\sadik.ali\.m2\repository\com\github\jnr\jnr-posix\3.0.27\jnr-posix-3.0.27.jar;C:\Users\sadik.ali\.m2\repository\org\jruby\extras\bytelist\1.0.11\bytelist-1.0.11.jar;C:\Users\sadik.ali\.m2\repository\com\github\jnr\jnr-constants\0.9.0\jnr-constants-0.9.0.jar;C:\Users\sadik.ali\.m2\repository\org\jruby\jcodings\jcodings\1.0.16\jcodings-1.0.16.jar;C:\Users\sadik.ali\.m2\repository\com\github\jnr\jffi\1.2.10\jffi-1.2.10.jar;C:\Users\sadik.ali\.m2\repository\com\github\jnr\jffi\1.2.10\jffi-1.2.10-native.jar;C:\Users\sadik.ali\.m2\repository\org\yaml\snakeyaml\1.15\snakeyaml-1.15.jar;C:\Users\sadik.ali\.m2\repository\com\jcraft\jzlib\1.1.3\jzlib-1.1.3.jar;C:\Users\sadik.ali\.m2\repository\com\headius\invokebinder\1.2\invokebinder-1.2.jar;C:\Users\sadik.ali\.m2\repository\com\headius\options\1.3\options-1.3.jar;C:\Users\sadik.ali\.m2\repository\com\martiansoftware\nailgun-server\0.9.1\nailgun-server-0.9.1.jar;C:\Users\sadik.ali\.m2\repository\org\jruby\yecht\1.1\yecht-1.1-jruby.jar;C:\Users\sadik.ali\.m2\repository\org\mule\modules\mule-module-xml\3.8.5\mule-module-xml-3.8.5.jar;C:\Users\sadik.ali\.m2\repository\commons-jxpath\commons-jxpath\1.3\commons-jxpath-1.3.jar;C:\Users\sadik.ali\.m2\repository\com\thoughtworks\xstream\xstream\1.4.10\xstream-1.4.10.jar;C:\Users\sadik.ali\.m2\repository\xmlpull\xmlpull\1.1.3.1\xmlpull-1.1.3.1.jar;C:\Users\sadik.ali\.m2\repository\xpp3\xpp3_min\1.1.3.4.O\xpp3_min-1.1.3.4.O.jar;C:\Users\sadik.ali\.m2\repository\org\codehaus\woodstox\woodstox-core-asl\4.4.1\woodstox-core-asl-4.4.1.jar;C:\Users\sadik.ali\.m2\repository\org\codehaus\woodstox\stax2-api\3.1.4\stax2-api-3.1.4.jar;C:\Users\sadik.ali\.m2\repository\jaxen\jaxen\1.1.1\jaxen-1.1.1.jar;C:\Users\sadik.ali\.m2\repository\jdom\jdom\1.0\jdom-1.0.jar;C:\Users\sadik.ali\.m2\repository\net\java\dev\stax-utils\stax-utils\20080702\stax-utils-20080702.jar;C:\Users\sadik.ali\.m2\repository\net\sf\saxon\Saxon-HE\9.6.0-7\Saxon-HE-9.6.0-7.jar;C:\Users\sadik.ali\.m2\repository\net\sf\saxon\Saxon-HE\9.6.0-7\Saxon-HE-9.6.0-7-xqj.jar;C:\Users\sadik.ali\.m2\repository\javax\xml\xquery\xqj-api\1.0\xqj-api-1.0.jar;C:\Users\sadik.ali\.m2\repository\org\mule\tests\mule-tests-functional\3.8.5\mule-tests-functional-3.8.5.jar;C:\Users\sadik.ali\.m2\repository\org\mule\modules\mule-module-extensions-support\3.8.5\mule-module-extensions-support-3.8.5.jar;C:\Users\sadik.ali\.m2\repository\org\mule\extensions\mule-extensions-annotations\1.0.0-alpha-1\mule-extensions-annotations-1.0.0-alpha-1.jar;C:\Users\sadik.ali\.m2\repository\org\springframework\spring-beans\4.1.9.RELEASE\spring-beans-4.1.9.RELEASE.jar;C:\Users\sadik.ali\.m2\repository\junit\junit\4.12\junit-4.12.jar;C:\Users\sadik.ali\.m2\repository\org\hamcrest\hamcrest-library\1.3\hamcrest-library-1.3.jar;C:\Users\sadik.ali\.m2\repository\org\hamcrest\hamcrest-core\1.3\hamcrest-core-1.3.jar;C:\Users\sadik.ali\.m2\repository\commons-net\commons-net\3.5\commons-net-3.5.jar;C:\Users\sadik.ali\.m2\repository\org\apache\ftpserver\ftpserver-core\1.0.6\ftpserver-core-1.0.6.jar;C:\Users\sadik.ali\.m2\repository\org\apache\mina\mina-core\2.0.4\mina-core-2.0.4.jar;C:\Users\sadik.ali\.m2\repository\org\apache\ftpserver\ftplet-api\1.0.6\ftplet-api-1.0.6.jar;C:\Users\sadik.ali\.m2\repository\org\apache\sshd\sshd-core\1.0.0\sshd-core-1.0.0.jar;C:\Users\sadik.ali\.m2\repository\org\bouncycastle\bcprov-jdk15on\1.56\bcprov-jdk15on-1.56.jar;C:\Users\sadik.ali\.m2\repository\commons-dbutils\commons-dbutils\1.2\commons-dbutils-1.2.jar;C:\Users\sadik.ali\.m2\repository\org\reflections\reflections\0.9.9\reflections-0.9.9.jar;C:\Users\sadik.ali\.m2\repository\org\mule\mule-core\3.8.5\mule-core-3.8.5-tests.jar;C:\Users\sadik.ali\.m2\repository\org\mockito\mockito-core\1.10.19\mockito-core-1.10.19.jar;C:\Users\sadik.ali\.m2\repository\org\objenesis\objenesis\2.1\objenesis-2.1.jar;C:\Users\sadik.ali\.m2\repository\org\mule\modules\mule-module-http\3.8.5\mule-module-http-3.8.5.jar;C:\Users\sadik.ali\.m2\repository\org\mule\transports\mule-transport-tcp\3.8.5\mule-transport-tcp-3.8.5.jar;C:\Users\sadik.ali\.m2\repository\org\apache\geronimo\specs\geronimo-servlet_3.0_spec\1.0\geronimo-servlet_3.0_spec-1.0.jar;C:\Users\sadik.ali\.m2\repository\org\glassfish\grizzly\grizzly-framework\2.3.29\grizzly-framework-2.3.29.jar;C:\Users\sadik.ali\.m2\repository\org\glassfish\grizzly\grizzly-http-server\2.3.29\grizzly-http-server-2.3.29.jar;C:\Users\sadik.ali\.m2\repository\org\glassfish\grizzly\grizzly-http\2.3.29\grizzly-http-2.3.29.jar;C:\Users\sadik.ali\.m2\repository\org\glassfish\grizzly\connection-pool\2.3.29\connection-pool-2.3.29.jar;C:\Users\sadik.ali\.m2\repository\javax\mail\mail\1.4.3\mail-1.4.3.jar;C:\Users\sadik.ali\.m2\repository\com\ning\async-http-client\1.9.39\async-http-client-1.9.39.jar;C:\Users\sadik.ali\.m2\repository\org\glassfish\grizzly\grizzly-websockets\2.3.29\grizzly-websockets-2.3.29.jar;C:\Users\sadik.ali\.m2\repository\com\google\guava\guava\18.0\guava-18.0.jar;C:\Users\sadik.ali\.m2\repository\org\mule\modules\mule-module-spring-config\3.8.5\mule-module-spring-config-3.8.5.jar;C:\Users\sadik.ali\.m2\repository\org\mule\modules\mule-module-annotations\3.8.5\mule-module-annotations-3.8.5.jar;C:\Users\sadik.ali\.m2\repository\cglib\cglib-nodep\2.2\cglib-nodep-2.2.jar;C:\Users\sadik.ali\.m2\repository\org\mule\transports\mule-transport-jms\3.8.5\mule-transport-jms-3.8.5.jar;C:\Users\sadik.ali\.m2\repository\org\apache\geronimo\specs\geronimo-jms_1.1_spec\1.1.1\geronimo-jms_1.1_spec-1.1.1.jar;C:\Users\sadik.ali\.m2\repository\org\springframework\spring-jms\4.1.9.RELEASE\spring-jms-4.1.9.RELEASE.jar;C:\Users\sadik.ali\.m2\repository\org\springframework\spring-messaging\4.1.9.RELEASE\spring-messaging-4.1.9.RELEASE.jar;C:\Users\sadik.ali\.m2\repository\org\springframework\spring-tx\4.1.9.RELEASE\spring-tx-4.1.9.RELEASE.jar;"/>
    <property name="sun.cpu.endian" value="little"/>
    <property name="user.home" value="C:\Users\sadik.ali"/>
    <property name="user.language" value="en"/>
    <property name="java.specification.vendor" value="Oracle Corporation"/>
    <property name="java.home" value="C:\Program Files\Java\jdk1.8.0_144\jre"/>
    <property name="basedir" value="D:\Kellton\Mule POC&apos;s\Mule POC&apos;s\mulemavenizedproject"/>
    <property name="file.separator" value="\"/>
    <property name="line.separator" value="&#10;"/>
    <property name="java.vm.specification.vendor" value="Oracle Corporation"/>
    <property name="java.specification.name" value="Java Platform API Specification"/>
    <property name="java.awt.graphicsenv" value="sun.awt.Win32GraphicsEnvironment"/>
    <property name="surefire.real.class.path" value="C:\Users\sadik.ali\AppData\Local\Temp\surefire6000819492447786786\surefirebooter6316633861883095759.jar"/>
    <property name="sun.boot.class.path" value="C:\Program Files\Java\jdk1.8.0_144\jre\lib\resources.jar;C:\Program Files\Java\jdk1.8.0_144\jre\lib\rt.jar;C:\Program Files\Java\jdk1.8.0_144\jre\lib\sunrsasign.jar;C:\Program Files\Java\jdk1.8.0_144\jre\lib\jsse.jar;C:\Program Files\Java\jdk1.8.0_144\jre\lib\jce.jar;C:\Program Files\Java\jdk1.8.0_144\jre\lib\charsets.jar;C:\Program Files\Java\jdk1.8.0_144\jre\lib\jfr.jar;C:\Program Files\Java\jdk1.8.0_144\jre\classes"/>
    <property name="user.script" value=""/>
    <property name="sun.management.compiler" value="HotSpot 64-Bit Tiered Compilers"/>
    <property name="java.runtime.version" value="1.8.0_144-b01"/>
    <property name="user.name" value="sadik.ali"/>
    <property name="path.separator" value=";"/>
    <property name="os.version" value="10.0"/>
    <property name="java.endorsed.dirs" value="C:\Program Files\Java\jdk1.8.0_144\jre\lib\endorsed"/>
    <property name="java.runtime.name" value="Java(TM) SE Runtime Environment"/>
    <property name="file.encoding" value="Cp1252"/>
    <property name="java.vm.name" value="Java HotSpot(TM) 64-Bit Server VM"/>
    <property name="localRepository" value="C:\Users\sadik.ali\.m2\repository"/>
    <property name="java.vendor.url.bug" value="http://bugreport.sun.com/bugreport/"/>
    <property name="java.io.tmpdir" value="C:\Users\sadik.ali\AppData\Local\Temp\"/>
    <property name="java.version" value="1.8.0_144"/>
    <property name="user.dir" value="D:\Kellton\Mule POC&apos;s\Mule POC&apos;s\mulemavenizedproject"/>
    <property name="os.arch" value="amd64"/>
    <property name="java.vm.specification.name" value="Java Virtual Machine Specification"/>
    <property name="java.awt.printerjob" value="sun.awt.windows.WPrinterJob"/>
    <property name="sun.os.patch.level" value=""/>
    <property name="java.library.path" value="C:\Program Files\Java\jdk1.8.0_144\jre\bin;C:\Windows\Sun\Java\bin;C:\Windows\system32;C:\Windows;C:\ProgramData\Oracle\Java\javapath;C:\Program Files (x86)\Intel\iCLS Client\;C:\Program Files\Intel\iCLS Client\;C:\Windows\system32;C:\Windows;C:\Windows\System32\Wbem;C:\Windows\System32\WindowsPowerShell\v1.0\;C:\Program Files (x86)\Intel\Intel(R) Management Engine Components\DAL;C:\Program Files\Intel\Intel(R) Management Engine Components\DAL;C:\Program Files (x86)\Intel\Intel(R) Management Engine Components\IPT;C:\Program Files\Intel\Intel(R) Management Engine Components\IPT;C:\Program Files\Intel\WiFi\bin\;C:\Program Files\Common Files\Intel\WirelessCommon\;C:\Program Files (x86)\NVIDIA Corporation\PhysX\Common;C:\Program Files\Git\cmd;D:\software\gradle-4.3-all\gradle-4.3\bin;C:\Program Files\Java\jdk1.8.0_144\bin;%M2_HOME%\bin;&quot;C:\Users\sadik.ali\AppData\Local\Microsoft\WindowsApps\;D:\software\gradle-4.3-all\gradle-4.3\bin;&quot;;C:\Program Files (x86)\Apache Software Foundation\apache-maven-3.5.2\bin;;."/>
    <property name="java.vm.info" value="mixed mode"/>
    <property name="java.vendor" value="Oracle Corporation"/>
    <property name="java.vm.version" value="25.144-b01"/>
    <property name="java.ext.dirs" value="C:\Program Files\Java\jdk1.8.0_144\jre\lib\ext;C:\Windows\Sun\Java\lib\ext"/>
    <property name="sun.io.unicode.encoding" value="UnicodeLittle"/>
    <property name="java.class.version" value="52.0"/>
  </properties>
  <testcase name="retrieveFlightsFlightsMaven" classname="com.kellton.test.HelloMavenTest" time="3.044">
    <error message="Failed to invoke lifecycle phase &quot;start&quot; on object: org.mule.module.http.internal.listener.DefaultHttpListenerConfig@7fed3673" type="org.mule.api.lifecycle.LifecycleException">org.mule.api.lifecycle.LifecycleException: Failed to invoke lifecycle phase "start" on object: org.mule.module.http.internal.listener.DefaultHttpListenerConfig@7fed3673
Caused by: java.net.BindException: Address already in use: bind
</error>
    <system-out><![CDATA[
================================================================================
= Testing: retrieveFlightsFlightsMaven                                         =
================================================================================
INFO  2017-11-08 10:51:47,575 [Time-limited test] org.mule.tck.junit4.AbstractMuleContextTestCase: Using working directory for test: C:\Users\sadik.ali\AppData\Local\Temp\junit1776483898697797928
INFO  2017-11-08 10:51:47,684 [Time-limited test] org.mule.lifecycle.AbstractLifecycleManager: Initialising RegistryBroker
INFO  2017-11-08 10:51:47,795 [Time-limited test] org.mule.config.spring.MuleArtifactContext: Refreshing org.mule.config.spring.MuleArtifactContext@58d51426: startup date [Wed Nov 08 10:51:47 IST 2017]; root of context hierarchy
INFO  2017-11-08 10:51:48,658 [Time-limited test] org.mule.config.spring.processors.NoDevkitInjectorProcessor: JSR-330 'javax.inject.Inject' annotation found and supported for autowiring
INFO  2017-11-08 10:51:49,742 [Time-limited test] org.mule.util.journal.TransactionJournal: Using files for tx logs C:\Users\sadik.ali\AppData\Local\Temp\junit1776483898697797928\queue-tx-log\tx1.log and C:\Users\sadik.ali\AppData\Local\Temp\junit1776483898697797928\queue-tx-log\tx2.log
INFO  2017-11-08 10:51:49,756 [Time-limited test] org.mule.util.journal.TransactionJournal: Using files for tx logs C:\Users\sadik.ali\AppData\Local\Temp\junit1776483898697797928\queue-xa-tx-log\tx1.log and C:\Users\sadik.ali\AppData\Local\Temp\junit1776483898697797928\queue-xa-tx-log\tx2.log
INFO  2017-11-08 10:51:49,761 [Time-limited test] org.mule.lifecycle.AbstractLifecycleManager: Initialising model: _muleSystemModel
INFO  2017-11-08 10:51:49,766 [Time-limited test] org.mule.construct.FlowConstructLifecycleManager: Initialising flow: mavenFlow
INFO  2017-11-08 10:51:49,767 [Time-limited test] org.mule.exception.DefaultMessagingExceptionStrategy: Initialising exception listener: org.mule.exception.DefaultMessagingExceptionStrategy@bb782b5
INFO  2017-11-08 10:51:49,805 [Time-limited test] org.mule.processor.SedaStageLifecycleManager: Initialising service: mavenFlow.stage1
INFO  2017-11-08 10:51:49,820 [Time-limited test] org.mule.construct.FlowConstructLifecycleManager: Initialising flow: retrieveFlights
INFO  2017-11-08 10:51:49,820 [Time-limited test] org.mule.exception.DefaultMessagingExceptionStrategy: Initialising exception listener: org.mule.exception.DefaultMessagingExceptionStrategy@4813a75e
INFO  2017-11-08 10:51:49,823 [Time-limited test] org.mule.processor.SedaStageLifecycleManager: Initialising service: retrieveFlights.stage1
INFO  2017-11-08 10:51:50,020 [Time-limited test] org.mule.config.spring.SpringXmlConfigurationBuilder: Configured Mule using "org.mule.config.spring.SpringXmlConfigurationBuilder" with configuration resource(s): "[ConfigResource{resourceName='mulemavenizedproject.xml'}]"
INFO  2017-11-08 10:51:50,023 [Time-limited test] org.mule.util.queue.QueueXaResourceManager: Starting ResourceManager
INFO  2017-11-08 10:51:50,023 [Time-limited test] org.mule.util.queue.QueueXaResourceManager: Started ResourceManager
INFO  2017-11-08 10:51:50,228 [Time-limited test] org.mule.lifecycle.AbstractLifecycleManager: Disposing RegistryBroker
INFO  2017-11-08 10:51:50,229 [Time-limited test] org.mule.construct.FlowConstructLifecycleManager: Disposing flow: mavenFlow
INFO  2017-11-08 10:51:50,229 [Time-limited test] org.mule.processor.SedaStageLifecycleManager: Disposing service: mavenFlow.stage1
INFO  2017-11-08 10:51:50,230 [Time-limited test] org.mule.construct.FlowConstructLifecycleManager: Disposing flow: retrieveFlights
INFO  2017-11-08 10:51:50,230 [Time-limited test] org.mule.processor.SedaStageLifecycleManager: Disposing service: retrieveFlights.stage1
INFO  2017-11-08 10:51:50,232 [Time-limited test] org.mule.lifecycle.AbstractLifecycleManager: Disposing model: _muleSystemModel
INFO  2017-11-08 10:51:50,296 [Time-limited test] org.mule.config.spring.MuleArtifactContext: Closing org.mule.config.spring.MuleArtifactContext@58d51426: startup date [Wed Nov 08 10:51:47 IST 2017]; root of context hierarchy
INFO  2017-11-08 10:51:50,416 [Time-limited test] org.mule.DefaultMuleContext: 
**********************************************************************
* Mule Context shut down normally on: 8/11/17 10:51 AM               *
* Server was up for: 0 days, 0 hours, 0 mins, 0.393 sec              *
**********************************************************************
]]></system-out>
  </testcase>
  <testcase name="mavenFlowReturnsHelloMaven" classname="com.kellton.test.HelloMavenTest" time="0.67">
    <error message="Failed to invoke lifecycle phase &quot;start&quot; on object: org.mule.module.http.internal.listener.DefaultHttpListenerConfig@6750f52a" type="org.mule.api.lifecycle.LifecycleException">org.mule.api.lifecycle.LifecycleException: Failed to invoke lifecycle phase "start" on object: org.mule.module.http.internal.listener.DefaultHttpListenerConfig@6750f52a
Caused by: java.net.BindException: Address already in use: bind
</error>
    <system-out><![CDATA[
================================================================================
= Testing: mavenFlowReturnsHelloMaven                                          =
================================================================================
INFO  2017-11-08 10:51:50,477 [Time-limited test] org.mule.tck.junit4.AbstractMuleContextTestCase: Using working directory for test: C:\Users\sadik.ali\AppData\Local\Temp\junit7619756759613024934
INFO  2017-11-08 10:51:50,483 [Time-limited test] org.mule.lifecycle.AbstractLifecycleManager: Initialising RegistryBroker
INFO  2017-11-08 10:51:50,489 [Time-limited test] org.mule.config.spring.MuleArtifactContext: Refreshing org.mule.config.spring.MuleArtifactContext@64c0a9de: startup date [Wed Nov 08 10:51:50 IST 2017]; root of context hierarchy
INFO  2017-11-08 10:51:50,658 [Time-limited test] org.mule.config.spring.processors.NoDevkitInjectorProcessor: JSR-330 'javax.inject.Inject' annotation found and supported for autowiring
INFO  2017-11-08 10:51:50,751 [Time-limited test] org.mule.util.journal.TransactionJournal: Using files for tx logs C:\Users\sadik.ali\AppData\Local\Temp\junit7619756759613024934\queue-tx-log\tx1.log and C:\Users\sadik.ali\AppData\Local\Temp\junit7619756759613024934\queue-tx-log\tx2.log
INFO  2017-11-08 10:51:50,754 [Time-limited test] org.mule.util.journal.TransactionJournal: Using files for tx logs C:\Users\sadik.ali\AppData\Local\Temp\junit7619756759613024934\queue-xa-tx-log\tx1.log and C:\Users\sadik.ali\AppData\Local\Temp\junit7619756759613024934\queue-xa-tx-log\tx2.log
INFO  2017-11-08 10:51:50,758 [Time-limited test] org.mule.lifecycle.AbstractLifecycleManager: Initialising model: _muleSystemModel
INFO  2017-11-08 10:51:50,893 [Time-limited test] org.mule.construct.FlowConstructLifecycleManager: Initialising flow: mavenFlow
INFO  2017-11-08 10:51:50,893 [Time-limited test] org.mule.exception.DefaultMessagingExceptionStrategy: Initialising exception listener: org.mule.exception.DefaultMessagingExceptionStrategy@67827fec
INFO  2017-11-08 10:51:50,896 [Time-limited test] org.mule.processor.SedaStageLifecycleManager: Initialising service: mavenFlow.stage1
INFO  2017-11-08 10:51:50,897 [Time-limited test] org.mule.construct.FlowConstructLifecycleManager: Initialising flow: retrieveFlights
INFO  2017-11-08 10:51:50,897 [Time-limited test] org.mule.exception.DefaultMessagingExceptionStrategy: Initialising exception listener: org.mule.exception.DefaultMessagingExceptionStrategy@2cb53c78
INFO  2017-11-08 10:51:50,900 [Time-limited test] org.mule.processor.SedaStageLifecycleManager: Initialising service: retrieveFlights.stage1
INFO  2017-11-08 10:51:50,920 [Time-limited test] org.mule.config.spring.SpringXmlConfigurationBuilder: Configured Mule using "org.mule.config.spring.SpringXmlConfigurationBuilder" with configuration resource(s): "[ConfigResource{resourceName='mulemavenizedproject.xml'}]"
INFO  2017-11-08 10:51:50,921 [Time-limited test] org.mule.util.queue.QueueXaResourceManager: Starting ResourceManager
INFO  2017-11-08 10:51:50,921 [Time-limited test] org.mule.util.queue.QueueXaResourceManager: Started ResourceManager
INFO  2017-11-08 10:51:50,944 [Time-limited test] org.mule.lifecycle.AbstractLifecycleManager: Disposing RegistryBroker
INFO  2017-11-08 10:51:50,945 [Time-limited test] org.mule.construct.FlowConstructLifecycleManager: Disposing flow: mavenFlow
INFO  2017-11-08 10:51:50,945 [Time-limited test] org.mule.processor.SedaStageLifecycleManager: Disposing service: mavenFlow.stage1
INFO  2017-11-08 10:51:50,946 [Time-limited test] org.mule.construct.FlowConstructLifecycleManager: Disposing flow: retrieveFlights
INFO  2017-11-08 10:51:50,947 [Time-limited test] org.mule.processor.SedaStageLifecycleManager: Disposing service: retrieveFlights.stage1
INFO  2017-11-08 10:51:50,950 [Time-limited test] org.mule.lifecycle.AbstractLifecycleManager: Disposing model: _muleSystemModel
INFO  2017-11-08 10:51:50,977 [Time-limited test] org.mule.config.spring.MuleArtifactContext: Closing org.mule.config.spring.MuleArtifactContext@64c0a9de: startup date [Wed Nov 08 10:51:50 IST 2017]; root of context hierarchy
INFO  2017-11-08 10:51:51,092 [Time-limited test] org.mule.DefaultMuleContext: 
**********************************************************************
* Mule Context shut down normally on: 8/11/17 10:51 AM               *
* Server was up for: 0 days, 0 hours, 0 mins, 0.172 sec              *
**********************************************************************
]]></system-out>
  </testcase>
</testsuite>